<?xml version="1.0" encoding="UTF-8"?>
<testsuite xmlns:xsi="http://www.w3.org/2001/XMLSchema-instance" xsi:noNamespaceSchemaLocation="https://maven.apache.org/surefire/maven-surefire-plugin/xsd/surefire-test-report.xsd" name="JunitReport.JunitReport.JunitreportTest" time="0.131" tests="5" errors="0" skipped="0" failures="0">
  <properties>
    <property name="java.specification.version" value="14"/>
    <property name="sun.cpu.isalist" value="amd64"/>
    <property name="sun.jnu.encoding" value="Cp1252"/>
    <property name="java.class.path" value="C:\Users\ShireeshaBudida\Desktop\SDET\JunitReport\target\test-classes;C:\Users\ShireeshaBudida\Desktop\SDET\JunitReport\target\classes;C:\Users\ShireeshaBudida\.m2\repository\org\junit\jupiter\junit-jupiter-api\5.7.1\junit-jupiter-api-5.7.1.jar;C:\Users\ShireeshaBudida\.m2\repository\org\apiguardian\apiguardian-api\1.1.0\apiguardian-api-1.1.0.jar;C:\Users\ShireeshaBudida\.m2\repository\org\opentest4j\opentest4j\1.2.0\opentest4j-1.2.0.jar;C:\Users\ShireeshaBudida\.m2\repository\org\junit\platform\junit-platform-commons\1.7.1\junit-platform-commons-1.7.1.jar;C:\Users\ShireeshaBudida\.m2\repository\org\junit\jupiter\junit-jupiter-engine\5.7.1\junit-jupiter-engine-5.7.1.jar;C:\Users\ShireeshaBudida\.m2\repository\org\junit\platform\junit-platform-engine\1.7.1\junit-platform-engine-1.7.1.jar;C:\Users\ShireeshaBudida\.m2\repository\org\junit\platform\junit-platform-suite-api\1.7.1\junit-platform-suite-api-1.7.1.jar;C:\Users\ShireeshaBudida\.m2\repository\org\junit\platform\junit-platform-runner\1.7.1\junit-platform-runner-1.7.1.jar;C:\Users\ShireeshaBudida\.m2\repository\junit\junit\4.13\junit-4.13.jar;C:\Users\ShireeshaBudida\.m2\repository\org\hamcrest\hamcrest-core\1.3\hamcrest-core-1.3.jar;C:\Users\ShireeshaBudida\.m2\repository\org\junit\platform\junit-platform-launcher\1.7.1\junit-platform-launcher-1.7.1.jar;C:\Users\ShireeshaBudida\.m2\repository\org\junit\jupiter\junit-jupiter-params\5.7.1\junit-jupiter-params-5.7.1.jar;C:\Users\ShireeshaBudida\.m2\repository\io\rest-assured\rest-assured\4.3.3\rest-assured-4.3.3.jar;C:\Users\ShireeshaBudida\.m2\repository\org\codehaus\groovy\groovy\3.0.7\groovy-3.0.7.jar;C:\Users\ShireeshaBudida\.m2\repository\org\codehaus\groovy\groovy-xml\3.0.7\groovy-xml-3.0.7.jar;C:\Users\ShireeshaBudida\.m2\repository\org\apache\httpcomponents\httpclient\4.5.3\httpclient-4.5.3.jar;C:\Users\ShireeshaBudida\.m2\repository\org\apache\httpcomponents\httpcore\4.4.6\httpcore-4.4.6.jar;C:\Users\ShireeshaBudida\.m2\repository\commons-logging\commons-logging\1.2\commons-logging-1.2.jar;C:\Users\ShireeshaBudida\.m2\repository\commons-codec\commons-codec\1.9\commons-codec-1.9.jar;C:\Users\ShireeshaBudida\.m2\repository\org\apache\httpcomponents\httpmime\4.5.3\httpmime-4.5.3.jar;C:\Users\ShireeshaBudida\.m2\repository\org\hamcrest\hamcrest\2.1\hamcrest-2.1.jar;C:\Users\ShireeshaBudida\.m2\repository\org\ccil\cowan\tagsoup\tagsoup\1.2.1\tagsoup-1.2.1.jar;C:\Users\ShireeshaBudida\.m2\repository\io\rest-assured\json-path\4.3.3\json-path-4.3.3.jar;C:\Users\ShireeshaBudida\.m2\repository\org\codehaus\groovy\groovy-json\3.0.7\groovy-json-3.0.7.jar;C:\Users\ShireeshaBudida\.m2\repository\io\rest-assured\rest-assured-common\4.3.3\rest-assured-common-4.3.3.jar;C:\Users\ShireeshaBudida\.m2\repository\io\rest-assured\xml-path\4.3.3\xml-path-4.3.3.jar;C:\Users\ShireeshaBudida\.m2\repository\org\apache\commons\commons-lang3\3.11\commons-lang3-3.11.jar;C:\Users\ShireeshaBudida\.m2\repository\jakarta\xml\bind\jakarta.xml.bind-api\2.3.3\jakarta.xml.bind-api-2.3.3.jar;C:\Users\ShireeshaBudida\.m2\repository\jakarta\activation\jakarta.activation-api\1.2.2\jakarta.activation-api-1.2.2.jar;C:\Users\ShireeshaBudida\.m2\repository\com\sun\xml\bind\jaxb-impl\2.3.3\jaxb-impl-2.3.3.jar;C:\Users\ShireeshaBudida\.m2\repository\io\rest-assured\json-schema-validator\4.3.3\json-schema-validator-4.3.3.jar;C:\Users\ShireeshaBudida\.m2\repository\com\github\java-json-tools\json-schema-validator\2.2.14\json-schema-validator-2.2.14.jar;C:\Users\ShireeshaBudida\.m2\repository\com\google\guava\guava\28.2-android\guava-28.2-android.jar;C:\Users\ShireeshaBudida\.m2\repository\com\google\guava\failureaccess\1.0.1\failureaccess-1.0.1.jar;C:\Users\ShireeshaBudida\.m2\repository\com\google\guava\listenablefuture\9999.0-empty-to-avoid-conflict-with-guava\listenablefuture-9999.0-empty-to-avoid-conflict-with-guava.jar;C:\Users\ShireeshaBudida\.m2\repository\org\checkerframework\checker-compat-qual\2.5.5\checker-compat-qual-2.5.5.jar;C:\Users\ShireeshaBudida\.m2\repository\com\google\errorprone\error_prone_annotations\2.3.4\error_prone_annotations-2.3.4.jar;C:\Users\ShireeshaBudida\.m2\repository\com\google\j2objc\j2objc-annotations\1.3\j2objc-annotations-1.3.jar;C:\Users\ShireeshaBudida\.m2\repository\com\github\java-json-tools\jackson-coreutils-equivalence\1.0\jackson-coreutils-equivalence-1.0.jar;C:\Users\ShireeshaBudida\.m2\repository\com\fasterxml\jackson\core\jackson-databind\2.11.0\jackson-databind-2.11.0.jar;C:\Users\ShireeshaBudida\.m2\repository\com\fasterxml\jackson\core\jackson-annotations\2.11.0\jackson-annotations-2.11.0.jar;C:\Users\ShireeshaBudida\.m2\repository\com\fasterxml\jackson\core\jackson-core\2.11.0\jackson-core-2.11.0.jar;C:\Users\ShireeshaBudida\.m2\repository\com\github\java-json-tools\jackson-coreutils\2.0\jackson-coreutils-2.0.jar;C:\Users\ShireeshaBudida\.m2\repository\com\github\java-json-tools\msg-simple\1.2\msg-simple-1.2.jar;C:\Users\ShireeshaBudida\.m2\repository\com\github\java-json-tools\btf\1.3\btf-1.3.jar;C:\Users\ShireeshaBudida\.m2\repository\com\github\java-json-tools\json-schema-core\1.2.14\json-schema-core-1.2.14.jar;C:\Users\ShireeshaBudida\.m2\repository\com\github\java-json-tools\uri-template\0.10\uri-template-0.10.jar;C:\Users\ShireeshaBudida\.m2\repository\org\mozilla\rhino\1.7.7.2\rhino-1.7.7.2.jar;C:\Users\ShireeshaBudida\.m2\repository\com\sun\mail\mailapi\1.6.2\mailapi-1.6.2.jar;C:\Users\ShireeshaBudida\.m2\repository\joda-time\joda-time\2.10.5\joda-time-2.10.5.jar;C:\Users\ShireeshaBudida\.m2\repository\com\googlecode\libphonenumber\libphonenumber\8.11.1\libphonenumber-8.11.1.jar;C:\Users\ShireeshaBudida\.m2\repository\com\google\code\findbugs\jsr305\3.0.2\jsr305-3.0.2.jar;C:\Users\ShireeshaBudida\.m2\repository\net\sf\jopt-simple\jopt-simple\5.0.4\jopt-simple-5.0.4.jar;C:\Users\ShireeshaBudida\.m2\repository\au\com\dius\pact-jvm-consumer-junit5\4.0.10\pact-jvm-consumer-junit5-4.0.10.jar;C:\Users\ShireeshaBudida\.m2\repository\au\com\dius\pact-jvm-consumer\4.0.10\pact-jvm-consumer-4.0.10.jar;C:\Users\ShireeshaBudida\.m2\repository\com\googlecode\java-diff-utils\diffutils\1.3.0\diffutils-1.3.0.jar;C:\Users\ShireeshaBudida\.m2\repository\dk\brics\automaton\automaton\1.11-8\automaton-1.11-8.jar;C:\Users\ShireeshaBudida\.m2\repository\org\json\json\20160212\json-20160212.jar;C:\Users\ShireeshaBudida\.m2\repository\io\netty\netty-handler\4.1.30.Final\netty-handler-4.1.30.Final.jar;C:\Users\ShireeshaBudida\.m2\repository\io\netty\netty-buffer\4.1.30.Final\netty-buffer-4.1.30.Final.jar;C:\Users\ShireeshaBudida\.m2\repository\io\netty\netty-common\4.1.30.Final\netty-common-4.1.30.Final.jar;C:\Users\ShireeshaBudida\.m2\repository\io\netty\netty-transport\4.1.30.Final\netty-transport-4.1.30.Final.jar;C:\Users\ShireeshaBudida\.m2\repository\io\netty\netty-resolver\4.1.30.Final\netty-resolver-4.1.30.Final.jar;C:\Users\ShireeshaBudida\.m2\repository\io\netty\netty-codec\4.1.30.Final\netty-codec-4.1.30.Final.jar;C:\Users\ShireeshaBudida\.m2\repository\org\apache\httpcomponents\fluent-hc\4.5.5\fluent-hc-4.5.5.jar;C:\Users\ShireeshaBudida\.m2\repository\au\com\dius\pact-jvm-core-model\4.0.10\pact-jvm-core-model-4.0.10.jar;C:\Users\ShireeshaBudida\.m2\repository\com\github\zafarkhaja\java-semver\0.9.0\java-semver-0.9.0.jar;C:\Users\ShireeshaBudida\.m2\repository\org\apache\commons\commons-collections4\4.1\commons-collections4-4.1.jar;C:\Users\ShireeshaBudida\.m2\repository\com\github\mifmif\generex\1.0.2\generex-1.0.2.jar;C:\Users\ShireeshaBudida\.m2\repository\javax\mail\mail\1.5.0-b01\mail-1.5.0-b01.jar;C:\Users\ShireeshaBudida\.m2\repository\javax\activation\activation\1.1\activation-1.1.jar;C:\Users\ShireeshaBudida\.m2\repository\au\com\dius\pact-jvm-core-matchers\4.0.10\pact-jvm-core-matchers-4.0.10.jar;C:\Users\ShireeshaBudida\.m2\repository\xerces\xercesImpl\2.12.0\xercesImpl-2.12.0.jar;C:\Users\ShireeshaBudida\.m2\repository\xml-apis\xml-apis\1.4.01\xml-apis-1.4.01.jar;C:\Users\ShireeshaBudida\.m2\repository\org\atteo\evo-inflector\1.2.2\evo-inflector-1.2.2.jar;C:\Users\ShireeshaBudida\.m2\repository\io\ktor\ktor-server-netty\1.2.6\ktor-server-netty-1.2.6.jar;C:\Users\ShireeshaBudida\.m2\repository\org\jetbrains\kotlin\kotlin-stdlib\1.3.60\kotlin-stdlib-1.3.60.jar;C:\Users\ShireeshaBudida\.m2\repository\org\jetbrains\kotlin\kotlin-stdlib-common\1.3.60\kotlin-stdlib-common-1.3.60.jar;C:\Users\ShireeshaBudida\.m2\repository\org\jetbrains\annotations\13.0\annotations-13.0.jar;C:\Users\ShireeshaBudida\.m2\repository\org\jetbrains\kotlin\kotlin-stdlib-jdk7\1.3.60\kotlin-stdlib-jdk7-1.3.60.jar;C:\Users\ShireeshaBudida\.m2\repository\org\jetbrains\kotlinx\atomicfu\0.14.1\atomicfu-0.14.1.jar;C:\Users\ShireeshaBudida\.m2\repository\com\typesafe\config\1.3.1\config-1.3.1.jar;C:\Users\ShireeshaBudida\.m2\repository\org\jetbrains\kotlinx\kotlinx-coroutines-jdk8\1.3.2-1.3.60\kotlinx-coroutines-jdk8-1.3.2-1.3.60.jar;C:\Users\ShireeshaBudida\.m2\repository\org\jetbrains\kotlinx\kotlinx-coroutines-core\1.3.2-1.3.60\kotlinx-coroutines-core-1.3.2-1.3.60.jar;C:\Users\ShireeshaBudida\.m2\repository\org\jetbrains\kotlinx\kotlinx-io-jvm\0.1.16\kotlinx-io-jvm-0.1.16.jar;C:\Users\ShireeshaBudida\.m2\repository\org\jetbrains\kotlinx\atomicfu-common\0.14.1\atomicfu-common-0.14.1.jar;C:\Users\ShireeshaBudida\.m2\repository\org\jetbrains\kotlinx\kotlinx-io\0.1.16\kotlinx-io-0.1.16.jar;C:\Users\ShireeshaBudida\.m2\repository\org\jetbrains\kotlinx\kotlinx-coroutines-io-jvm\0.1.16\kotlinx-coroutines-io-jvm-0.1.16.jar;C:\Users\ShireeshaBudida\.m2\repository\org\jetbrains\kotlinx\kotlinx-coroutines-core-common\1.3.2-1.3.60\kotlinx-coroutines-core-common-1.3.2-1.3.60.jar;C:\Users\ShireeshaBudida\.m2\repository\org\jetbrains\kotlinx\kotlinx-coroutines-io\0.1.16\kotlinx-coroutines-io-0.1.16.jar;C:\Users\ShireeshaBudida\.m2\repository\io\ktor\ktor-server-host-common\1.2.6\ktor-server-host-common-1.2.6.jar;C:\Users\ShireeshaBudida\.m2\repository\io\ktor\ktor-server-core\1.2.6\ktor-server-core-1.2.6.jar;C:\Users\ShireeshaBudida\.m2\repository\io\netty\netty-codec-http2\4.1.37.Final\netty-codec-http2-4.1.37.Final.jar;C:\Users\ShireeshaBudida\.m2\repository\io\netty\netty-codec-http\4.1.37.Final\netty-codec-http-4.1.37.Final.jar;C:\Users\ShireeshaBudida\.m2\repository\org\eclipse\jetty\alpn\alpn-api\1.1.3.v20160715\alpn-api-1.1.3.v20160715.jar;C:\Users\ShireeshaBudida\.m2\repository\io\netty\netty-transport-native-kqueue\4.1.37.Final\netty-transport-native-kqueue-4.1.37.Final.jar;C:\Users\ShireeshaBudida\.m2\repository\io\netty\netty-transport-native-unix-common\4.1.37.Final\netty-transport-native-unix-common-4.1.37.Final.jar;C:\Users\ShireeshaBudida\.m2\repository\io\netty\netty-transport-native-epoll\4.1.37.Final\netty-transport-native-epoll-4.1.37.Final.jar;C:\Users\ShireeshaBudida\.m2\repository\io\ktor\ktor-network-tls\1.2.6\ktor-network-tls-1.2.6.jar;C:\Users\ShireeshaBudida\.m2\repository\io\ktor\ktor-network\1.2.6\ktor-network-1.2.6.jar;C:\Users\ShireeshaBudida\.m2\repository\io\ktor\ktor-utils-jvm\1.2.6\ktor-utils-jvm-1.2.6.jar;C:\Users\ShireeshaBudida\.m2\repository\io\ktor\ktor-http-cio-jvm\1.2.6\ktor-http-cio-jvm-1.2.6.jar;C:\Users\ShireeshaBudida\.m2\repository\io\ktor\ktor-http-jvm\1.2.6\ktor-http-jvm-1.2.6.jar;C:\Users\ShireeshaBudida\.m2\repository\org\slf4j\slf4j-api\1.7.28\slf4j-api-1.7.28.jar;C:\Users\ShireeshaBudida\.m2\repository\au\com\dius\pact-jvm-provider-junit5\4.0.10\pact-jvm-provider-junit5-4.0.10.jar;C:\Users\ShireeshaBudida\.m2\repository\au\com\dius\pact-jvm-core-support\4.0.10\pact-jvm-core-support-4.0.10.jar;C:\Users\ShireeshaBudida\.m2\repository\org\antlr\antlr4\4.7.2\antlr4-4.7.2.jar;C:\Users\ShireeshaBudida\.m2\repository\org\antlr\antlr4-runtime\4.7.2\antlr4-runtime-4.7.2.jar;C:\Users\ShireeshaBudida\.m2\repository\org\antlr\antlr-runtime\3.5.2\antlr-runtime-3.5.2.jar;C:\Users\ShireeshaBudida\.m2\repository\org\antlr\ST4\4.1\ST4-4.1.jar;C:\Users\ShireeshaBudida\.m2\repository\org\abego\treelayout\org.abego.treelayout.core\1.0.3\org.abego.treelayout.core-1.0.3.jar;C:\Users\ShireeshaBudida\.m2\repository\org\glassfish\javax.json\1.0.4\javax.json-1.0.4.jar;C:\Users\ShireeshaBudida\.m2\repository\com\ibm\icu\icu4j\61.1\icu4j-61.1.jar;C:\Users\ShireeshaBudida\.m2\repository\com\google\code\gson\gson\2.8.6\gson-2.8.6.jar;C:\Users\ShireeshaBudida\.m2\repository\io\github\microutils\kotlin-logging\1.6.26\kotlin-logging-1.6.26.jar;C:\Users\ShireeshaBudida\.m2\repository\io\github\microutils\kotlin-logging-common\1.6.26\kotlin-logging-common-1.6.26.jar;C:\Users\ShireeshaBudida\.m2\repository\io\arrow-kt\arrow-core-extensions\0.9.0\arrow-core-extensions-0.9.0.jar;C:\Users\ShireeshaBudida\.m2\repository\io\arrow-kt\arrow-annotations\0.9.0\arrow-annotations-0.9.0.jar;C:\Users\ShireeshaBudida\.m2\repository\io\kindedj\kindedj\1.1.0\kindedj-1.1.0.jar;C:\Users\ShireeshaBudida\.m2\repository\io\arrow-kt\arrow-typeclasses\0.9.0\arrow-typeclasses-0.9.0.jar;C:\Users\ShireeshaBudida\.m2\repository\io\arrow-kt\arrow-core-data\0.9.0\arrow-core-data-0.9.0.jar;C:\Users\ShireeshaBudida\.m2\repository\org\jetbrains\kotlin\kotlin-stdlib-jdk8\1.3.71\kotlin-stdlib-jdk8-1.3.71.jar;C:\Users\ShireeshaBudida\.m2\repository\org\jetbrains\kotlin\kotlin-reflect\1.3.71\kotlin-reflect-1.3.71.jar;C:\Users\ShireeshaBudida\.m2\repository\com\github\salomonbrys\kotson\kotson\2.5.0\kotson-2.5.0.jar;C:\Users\ShireeshaBudida\.m2\repository\au\com\dius\pact-jvm-provider\4.0.10\pact-jvm-provider-4.0.10.jar;C:\Users\ShireeshaBudida\.m2\repository\commons-io\commons-io\2.5\commons-io-2.5.jar;C:\Users\ShireeshaBudida\.m2\repository\org\fusesource\jansi\jansi\1.17.1\jansi-1.17.1.jar;C:\Users\ShireeshaBudida\.m2\repository\au\com\dius\pact-jvm-core-pact-broker\4.0.10\pact-jvm-core-pact-broker-4.0.10.jar;C:\Users\ShireeshaBudida\.m2\repository\org\dmfs\rfc3986-uri\0.8\rfc3986-uri-0.8.jar;C:\Users\ShireeshaBudida\.m2\repository\org\dmfs\iterators\1.5\iterators-1.5.jar;C:\Users\ShireeshaBudida\.m2\repository\org\dmfs\optional\0.3\optional-0.3.jar;C:\Users\ShireeshaBudida\.m2\repository\org\scala-lang\scala-library\2.12.8\scala-library-2.12.8.jar;C:\Users\ShireeshaBudida\.m2\repository\io\github\classgraph\classgraph\4.8.25\classgraph-4.8.25.jar;"/>
    <property name="java.vm.vendor" value="Oracle Corporation"/>
    <property name="sun.arch.data.model" value="64"/>
    <property name="user.variant" value=""/>
    <property name="java.vendor.url" value="https://java.oracle.com/"/>
    <property name="user.timezone" value="Asia/Calcutta"/>
    <property name="os.name" value="Windows 10"/>
    <property name="java.vm.specification.version" value="14"/>
    <property name="sun.java.launcher" value="SUN_STANDARD"/>
    <property name="user.country" value="IN"/>
    <property name="sun.boot.library.path" value="C:\Program Files\Java\jdk-14.0.2\bin"/>
    <property name="sun.java.command" value="C:\Users\SHIREE~1\AppData\Local\Temp\surefire225493841349083920\surefirebooter10581287127217742374.jar C:\Users\ShireeshaBudida\AppData\Local\Temp\surefire225493841349083920 2021-06-02T09-21-31_752-jvmRun1 surefire17505376442937271882tmp surefire_04349079634149423805tmp"/>
    <property name="jdk.debug" value="release"/>
    <property name="surefire.test.class.path" value="C:\Users\ShireeshaBudida\Desktop\SDET\JunitReport\target\test-classes;C:\Users\ShireeshaBudida\Desktop\SDET\JunitReport\target\classes;C:\Users\ShireeshaBudida\.m2\repository\org\junit\jupiter\junit-jupiter-api\5.7.1\junit-jupiter-api-5.7.1.jar;C:\Users\ShireeshaBudida\.m2\repository\org\apiguardian\apiguardian-api\1.1.0\apiguardian-api-1.1.0.jar;C:\Users\ShireeshaBudida\.m2\repository\org\opentest4j\opentest4j\1.2.0\opentest4j-1.2.0.jar;C:\Users\ShireeshaBudida\.m2\repository\org\junit\platform\junit-platform-commons\1.7.1\junit-platform-commons-1.7.1.jar;C:\Users\ShireeshaBudida\.m2\repository\org\junit\jupiter\junit-jupiter-engine\5.7.1\junit-jupiter-engine-5.7.1.jar;C:\Users\ShireeshaBudida\.m2\repository\org\junit\platform\junit-platform-engine\1.7.1\junit-platform-engine-1.7.1.jar;C:\Users\ShireeshaBudida\.m2\repository\org\junit\platform\junit-platform-suite-api\1.7.1\junit-platform-suite-api-1.7.1.jar;C:\Users\ShireeshaBudida\.m2\repository\org\junit\platform\junit-platform-runner\1.7.1\junit-platform-runner-1.7.1.jar;C:\Users\ShireeshaBudida\.m2\repository\junit\junit\4.13\junit-4.13.jar;C:\Users\ShireeshaBudida\.m2\repository\org\hamcrest\hamcrest-core\1.3\hamcrest-core-1.3.jar;C:\Users\ShireeshaBudida\.m2\repository\org\junit\platform\junit-platform-launcher\1.7.1\junit-platform-launcher-1.7.1.jar;C:\Users\ShireeshaBudida\.m2\repository\org\junit\jupiter\junit-jupiter-params\5.7.1\junit-jupiter-params-5.7.1.jar;C:\Users\ShireeshaBudida\.m2\repository\io\rest-assured\rest-assured\4.3.3\rest-assured-4.3.3.jar;C:\Users\ShireeshaBudida\.m2\repository\org\codehaus\groovy\groovy\3.0.7\groovy-3.0.7.jar;C:\Users\ShireeshaBudida\.m2\repository\org\codehaus\groovy\groovy-xml\3.0.7\groovy-xml-3.0.7.jar;C:\Users\ShireeshaBudida\.m2\repository\org\apache\httpcomponents\httpclient\4.5.3\httpclient-4.5.3.jar;C:\Users\ShireeshaBudida\.m2\repository\org\apache\httpcomponents\httpcore\4.4.6\httpcore-4.4.6.jar;C:\Users\ShireeshaBudida\.m2\repository\commons-logging\commons-logging\1.2\commons-logging-1.2.jar;C:\Users\ShireeshaBudida\.m2\repository\commons-codec\commons-codec\1.9\commons-codec-1.9.jar;C:\Users\ShireeshaBudida\.m2\repository\org\apache\httpcomponents\httpmime\4.5.3\httpmime-4.5.3.jar;C:\Users\ShireeshaBudida\.m2\repository\org\hamcrest\hamcrest\2.1\hamcrest-2.1.jar;C:\Users\ShireeshaBudida\.m2\repository\org\ccil\cowan\tagsoup\tagsoup\1.2.1\tagsoup-1.2.1.jar;C:\Users\ShireeshaBudida\.m2\repository\io\rest-assured\json-path\4.3.3\json-path-4.3.3.jar;C:\Users\ShireeshaBudida\.m2\repository\org\codehaus\groovy\groovy-json\3.0.7\groovy-json-3.0.7.jar;C:\Users\ShireeshaBudida\.m2\repository\io\rest-assured\rest-assured-common\4.3.3\rest-assured-common-4.3.3.jar;C:\Users\ShireeshaBudida\.m2\repository\io\rest-assured\xml-path\4.3.3\xml-path-4.3.3.jar;C:\Users\ShireeshaBudida\.m2\repository\org\apache\commons\commons-lang3\3.11\commons-lang3-3.11.jar;C:\Users\ShireeshaBudida\.m2\repository\jakarta\xml\bind\jakarta.xml.bind-api\2.3.3\jakarta.xml.bind-api-2.3.3.jar;C:\Users\ShireeshaBudida\.m2\repository\jakarta\activation\jakarta.activation-api\1.2.2\jakarta.activation-api-1.2.2.jar;C:\Users\ShireeshaBudida\.m2\repository\com\sun\xml\bind\jaxb-impl\2.3.3\jaxb-impl-2.3.3.jar;C:\Users\ShireeshaBudida\.m2\repository\io\rest-assured\json-schema-validator\4.3.3\json-schema-validator-4.3.3.jar;C:\Users\ShireeshaBudida\.m2\repository\com\github\java-json-tools\json-schema-validator\2.2.14\json-schema-validator-2.2.14.jar;C:\Users\ShireeshaBudida\.m2\repository\com\google\guava\guava\28.2-android\guava-28.2-android.jar;C:\Users\ShireeshaBudida\.m2\repository\com\google\guava\failureaccess\1.0.1\failureaccess-1.0.1.jar;C:\Users\ShireeshaBudida\.m2\repository\com\google\guava\listenablefuture\9999.0-empty-to-avoid-conflict-with-guava\listenablefuture-9999.0-empty-to-avoid-conflict-with-guava.jar;C:\Users\ShireeshaBudida\.m2\repository\org\checkerframework\checker-compat-qual\2.5.5\checker-compat-qual-2.5.5.jar;C:\Users\ShireeshaBudida\.m2\repository\com\google\errorprone\error_prone_annotations\2.3.4\error_prone_annotations-2.3.4.jar;C:\Users\ShireeshaBudida\.m2\repository\com\google\j2objc\j2objc-annotations\1.3\j2objc-annotations-1.3.jar;C:\Users\ShireeshaBudida\.m2\repository\com\github\java-json-tools\jackson-coreutils-equivalence\1.0\jackson-coreutils-equivalence-1.0.jar;C:\Users\ShireeshaBudida\.m2\repository\com\fasterxml\jackson\core\jackson-databind\2.11.0\jackson-databind-2.11.0.jar;C:\Users\ShireeshaBudida\.m2\repository\com\fasterxml\jackson\core\jackson-annotations\2.11.0\jackson-annotations-2.11.0.jar;C:\Users\ShireeshaBudida\.m2\repository\com\fasterxml\jackson\core\jackson-core\2.11.0\jackson-core-2.11.0.jar;C:\Users\ShireeshaBudida\.m2\repository\com\github\java-json-tools\jackson-coreutils\2.0\jackson-coreutils-2.0.jar;C:\Users\ShireeshaBudida\.m2\repository\com\github\java-json-tools\msg-simple\1.2\msg-simple-1.2.jar;C:\Users\ShireeshaBudida\.m2\repository\com\github\java-json-tools\btf\1.3\btf-1.3.jar;C:\Users\ShireeshaBudida\.m2\repository\com\github\java-json-tools\json-schema-core\1.2.14\json-schema-core-1.2.14.jar;C:\Users\ShireeshaBudida\.m2\repository\com\github\java-json-tools\uri-template\0.10\uri-template-0.10.jar;C:\Users\ShireeshaBudida\.m2\repository\org\mozilla\rhino\1.7.7.2\rhino-1.7.7.2.jar;C:\Users\ShireeshaBudida\.m2\repository\com\sun\mail\mailapi\1.6.2\mailapi-1.6.2.jar;C:\Users\ShireeshaBudida\.m2\repository\joda-time\joda-time\2.10.5\joda-time-2.10.5.jar;C:\Users\ShireeshaBudida\.m2\repository\com\googlecode\libphonenumber\libphonenumber\8.11.1\libphonenumber-8.11.1.jar;C:\Users\ShireeshaBudida\.m2\repository\com\google\code\findbugs\jsr305\3.0.2\jsr305-3.0.2.jar;C:\Users\ShireeshaBudida\.m2\repository\net\sf\jopt-simple\jopt-simple\5.0.4\jopt-simple-5.0.4.jar;C:\Users\ShireeshaBudida\.m2\repository\au\com\dius\pact-jvm-consumer-junit5\4.0.10\pact-jvm-consumer-junit5-4.0.10.jar;C:\Users\ShireeshaBudida\.m2\repository\au\com\dius\pact-jvm-consumer\4.0.10\pact-jvm-consumer-4.0.10.jar;C:\Users\ShireeshaBudida\.m2\repository\com\googlecode\java-diff-utils\diffutils\1.3.0\diffutils-1.3.0.jar;C:\Users\ShireeshaBudida\.m2\repository\dk\brics\automaton\automaton\1.11-8\automaton-1.11-8.jar;C:\Users\ShireeshaBudida\.m2\repository\org\json\json\20160212\json-20160212.jar;C:\Users\ShireeshaBudida\.m2\repository\io\netty\netty-handler\4.1.30.Final\netty-handler-4.1.30.Final.jar;C:\Users\ShireeshaBudida\.m2\repository\io\netty\netty-buffer\4.1.30.Final\netty-buffer-4.1.30.Final.jar;C:\Users\ShireeshaBudida\.m2\repository\io\netty\netty-common\4.1.30.Final\netty-common-4.1.30.Final.jar;C:\Users\ShireeshaBudida\.m2\repository\io\netty\netty-transport\4.1.30.Final\netty-transport-4.1.30.Final.jar;C:\Users\ShireeshaBudida\.m2\repository\io\netty\netty-resolver\4.1.30.Final\netty-resolver-4.1.30.Final.jar;C:\Users\ShireeshaBudida\.m2\repository\io\netty\netty-codec\4.1.30.Final\netty-codec-4.1.30.Final.jar;C:\Users\ShireeshaBudida\.m2\repository\org\apache\httpcomponents\fluent-hc\4.5.5\fluent-hc-4.5.5.jar;C:\Users\ShireeshaBudida\.m2\repository\au\com\dius\pact-jvm-core-model\4.0.10\pact-jvm-core-model-4.0.10.jar;C:\Users\ShireeshaBudida\.m2\repository\com\github\zafarkhaja\java-semver\0.9.0\java-semver-0.9.0.jar;C:\Users\ShireeshaBudida\.m2\repository\org\apache\commons\commons-collections4\4.1\commons-collections4-4.1.jar;C:\Users\ShireeshaBudida\.m2\repository\com\github\mifmif\generex\1.0.2\generex-1.0.2.jar;C:\Users\ShireeshaBudida\.m2\repository\javax\mail\mail\1.5.0-b01\mail-1.5.0-b01.jar;C:\Users\ShireeshaBudida\.m2\repository\javax\activation\activation\1.1\activation-1.1.jar;C:\Users\ShireeshaBudida\.m2\repository\au\com\dius\pact-jvm-core-matchers\4.0.10\pact-jvm-core-matchers-4.0.10.jar;C:\Users\ShireeshaBudida\.m2\repository\xerces\xercesImpl\2.12.0\xercesImpl-2.12.0.jar;C:\Users\ShireeshaBudida\.m2\repository\xml-apis\xml-apis\1.4.01\xml-apis-1.4.01.jar;C:\Users\ShireeshaBudida\.m2\repository\org\atteo\evo-inflector\1.2.2\evo-inflector-1.2.2.jar;C:\Users\ShireeshaBudida\.m2\repository\io\ktor\ktor-server-netty\1.2.6\ktor-server-netty-1.2.6.jar;C:\Users\ShireeshaBudida\.m2\repository\org\jetbrains\kotlin\kotlin-stdlib\1.3.60\kotlin-stdlib-1.3.60.jar;C:\Users\ShireeshaBudida\.m2\repository\org\jetbrains\kotlin\kotlin-stdlib-common\1.3.60\kotlin-stdlib-common-1.3.60.jar;C:\Users\ShireeshaBudida\.m2\repository\org\jetbrains\annotations\13.0\annotations-13.0.jar;C:\Users\ShireeshaBudida\.m2\repository\org\jetbrains\kotlin\kotlin-stdlib-jdk7\1.3.60\kotlin-stdlib-jdk7-1.3.60.jar;C:\Users\ShireeshaBudida\.m2\repository\org\jetbrains\kotlinx\atomicfu\0.14.1\atomicfu-0.14.1.jar;C:\Users\ShireeshaBudida\.m2\repository\com\typesafe\config\1.3.1\config-1.3.1.jar;C:\Users\ShireeshaBudida\.m2\repository\org\jetbrains\kotlinx\kotlinx-coroutines-jdk8\1.3.2-1.3.60\kotlinx-coroutines-jdk8-1.3.2-1.3.60.jar;C:\Users\ShireeshaBudida\.m2\repository\org\jetbrains\kotlinx\kotlinx-coroutines-core\1.3.2-1.3.60\kotlinx-coroutines-core-1.3.2-1.3.60.jar;C:\Users\ShireeshaBudida\.m2\repository\org\jetbrains\kotlinx\kotlinx-io-jvm\0.1.16\kotlinx-io-jvm-0.1.16.jar;C:\Users\ShireeshaBudida\.m2\repository\org\jetbrains\kotlinx\atomicfu-common\0.14.1\atomicfu-common-0.14.1.jar;C:\Users\ShireeshaBudida\.m2\repository\org\jetbrains\kotlinx\kotlinx-io\0.1.16\kotlinx-io-0.1.16.jar;C:\Users\ShireeshaBudida\.m2\repository\org\jetbrains\kotlinx\kotlinx-coroutines-io-jvm\0.1.16\kotlinx-coroutines-io-jvm-0.1.16.jar;C:\Users\ShireeshaBudida\.m2\repository\org\jetbrains\kotlinx\kotlinx-coroutines-core-common\1.3.2-1.3.60\kotlinx-coroutines-core-common-1.3.2-1.3.60.jar;C:\Users\ShireeshaBudida\.m2\repository\org\jetbrains\kotlinx\kotlinx-coroutines-io\0.1.16\kotlinx-coroutines-io-0.1.16.jar;C:\Users\ShireeshaBudida\.m2\repository\io\ktor\ktor-server-host-common\1.2.6\ktor-server-host-common-1.2.6.jar;C:\Users\ShireeshaBudida\.m2\repository\io\ktor\ktor-server-core\1.2.6\ktor-server-core-1.2.6.jar;C:\Users\ShireeshaBudida\.m2\repository\io\netty\netty-codec-http2\4.1.37.Final\netty-codec-http2-4.1.37.Final.jar;C:\Users\ShireeshaBudida\.m2\repository\io\netty\netty-codec-http\4.1.37.Final\netty-codec-http-4.1.37.Final.jar;C:\Users\ShireeshaBudida\.m2\repository\org\eclipse\jetty\alpn\alpn-api\1.1.3.v20160715\alpn-api-1.1.3.v20160715.jar;C:\Users\ShireeshaBudida\.m2\repository\io\netty\netty-transport-native-kqueue\4.1.37.Final\netty-transport-native-kqueue-4.1.37.Final.jar;C:\Users\ShireeshaBudida\.m2\repository\io\netty\netty-transport-native-unix-common\4.1.37.Final\netty-transport-native-unix-common-4.1.37.Final.jar;C:\Users\ShireeshaBudida\.m2\repository\io\netty\netty-transport-native-epoll\4.1.37.Final\netty-transport-native-epoll-4.1.37.Final.jar;C:\Users\ShireeshaBudida\.m2\repository\io\ktor\ktor-network-tls\1.2.6\ktor-network-tls-1.2.6.jar;C:\Users\ShireeshaBudida\.m2\repository\io\ktor\ktor-network\1.2.6\ktor-network-1.2.6.jar;C:\Users\ShireeshaBudida\.m2\repository\io\ktor\ktor-utils-jvm\1.2.6\ktor-utils-jvm-1.2.6.jar;C:\Users\ShireeshaBudida\.m2\repository\io\ktor\ktor-http-cio-jvm\1.2.6\ktor-http-cio-jvm-1.2.6.jar;C:\Users\ShireeshaBudida\.m2\repository\io\ktor\ktor-http-jvm\1.2.6\ktor-http-jvm-1.2.6.jar;C:\Users\ShireeshaBudida\.m2\repository\org\slf4j\slf4j-api\1.7.28\slf4j-api-1.7.28.jar;C:\Users\ShireeshaBudida\.m2\repository\au\com\dius\pact-jvm-provider-junit5\4.0.10\pact-jvm-provider-junit5-4.0.10.jar;C:\Users\ShireeshaBudida\.m2\repository\au\com\dius\pact-jvm-core-support\4.0.10\pact-jvm-core-support-4.0.10.jar;C:\Users\ShireeshaBudida\.m2\repository\org\antlr\antlr4\4.7.2\antlr4-4.7.2.jar;C:\Users\ShireeshaBudida\.m2\repository\org\antlr\antlr4-runtime\4.7.2\antlr4-runtime-4.7.2.jar;C:\Users\ShireeshaBudida\.m2\repository\org\antlr\antlr-runtime\3.5.2\antlr-runtime-3.5.2.jar;C:\Users\ShireeshaBudida\.m2\repository\org\antlr\ST4\4.1\ST4-4.1.jar;C:\Users\ShireeshaBudida\.m2\repository\org\abego\treelayout\org.abego.treelayout.core\1.0.3\org.abego.treelayout.core-1.0.3.jar;C:\Users\ShireeshaBudida\.m2\repository\org\glassfish\javax.json\1.0.4\javax.json-1.0.4.jar;C:\Users\ShireeshaBudida\.m2\repository\com\ibm\icu\icu4j\61.1\icu4j-61.1.jar;C:\Users\ShireeshaBudida\.m2\repository\com\google\code\gson\gson\2.8.6\gson-2.8.6.jar;C:\Users\ShireeshaBudida\.m2\repository\io\github\microutils\kotlin-logging\1.6.26\kotlin-logging-1.6.26.jar;C:\Users\ShireeshaBudida\.m2\repository\io\github\microutils\kotlin-logging-common\1.6.26\kotlin-logging-common-1.6.26.jar;C:\Users\ShireeshaBudida\.m2\repository\io\arrow-kt\arrow-core-extensions\0.9.0\arrow-core-extensions-0.9.0.jar;C:\Users\ShireeshaBudida\.m2\repository\io\arrow-kt\arrow-annotations\0.9.0\arrow-annotations-0.9.0.jar;C:\Users\ShireeshaBudida\.m2\repository\io\kindedj\kindedj\1.1.0\kindedj-1.1.0.jar;C:\Users\ShireeshaBudida\.m2\repository\io\arrow-kt\arrow-typeclasses\0.9.0\arrow-typeclasses-0.9.0.jar;C:\Users\ShireeshaBudida\.m2\repository\io\arrow-kt\arrow-core-data\0.9.0\arrow-core-data-0.9.0.jar;C:\Users\ShireeshaBudida\.m2\repository\org\jetbrains\kotlin\kotlin-stdlib-jdk8\1.3.71\kotlin-stdlib-jdk8-1.3.71.jar;C:\Users\ShireeshaBudida\.m2\repository\org\jetbrains\kotlin\kotlin-reflect\1.3.71\kotlin-reflect-1.3.71.jar;C:\Users\ShireeshaBudida\.m2\repository\com\github\salomonbrys\kotson\kotson\2.5.0\kotson-2.5.0.jar;C:\Users\ShireeshaBudida\.m2\repository\au\com\dius\pact-jvm-provider\4.0.10\pact-jvm-provider-4.0.10.jar;C:\Users\ShireeshaBudida\.m2\repository\commons-io\commons-io\2.5\commons-io-2.5.jar;C:\Users\ShireeshaBudida\.m2\repository\org\fusesource\jansi\jansi\1.17.1\jansi-1.17.1.jar;C:\Users\ShireeshaBudida\.m2\repository\au\com\dius\pact-jvm-core-pact-broker\4.0.10\pact-jvm-core-pact-broker-4.0.10.jar;C:\Users\ShireeshaBudida\.m2\repository\org\dmfs\rfc3986-uri\0.8\rfc3986-uri-0.8.jar;C:\Users\ShireeshaBudida\.m2\repository\org\dmfs\iterators\1.5\iterators-1.5.jar;C:\Users\ShireeshaBudida\.m2\repository\org\dmfs\optional\0.3\optional-0.3.jar;C:\Users\ShireeshaBudida\.m2\repository\org\scala-lang\scala-library\2.12.8\scala-library-2.12.8.jar;C:\Users\ShireeshaBudida\.m2\repository\io\github\classgraph\classgraph\4.8.25\classgraph-4.8.25.jar;"/>
    <property name="sun.cpu.endian" value="little"/>
    <property name="user.home" value="C:\Users\ShireeshaBudida"/>
    <property name="user.language" value="en"/>
    <property name="java.specification.vendor" value="Oracle Corporation"/>
    <property name="java.version.date" value="2020-07-14"/>
    <property name="java.home" value="C:\Program Files\Java\jdk-14.0.2"/>
    <property name="file.separator" value="\"/>
    <property name="basedir" value="C:\Users\ShireeshaBudida\Desktop\SDET\JunitReport"/>
    <property name="java.vm.compressedOopsMode" value="32-bit"/>
    <property name="line.separator" value="&#10;"/>
    <property name="java.vm.specification.vendor" value="Oracle Corporation"/>
    <property name="java.specification.name" value="Java Platform API Specification"/>
    <property name="surefire.real.class.path" value="C:\Users\SHIREE~1\AppData\Local\Temp\surefire225493841349083920\surefirebooter10581287127217742374.jar"/>
    <property name="user.script" value=""/>
    <property name="sun.management.compiler" value="HotSpot 64-Bit Tiered Compilers"/>
    <property name="java.runtime.version" value="14.0.2+12-46"/>
    <property name="user.name" value="04275T744"/>
    <property name="path.separator" value=";"/>
    <property name="os.version" value="10.0"/>
    <property name="java.runtime.name" value="Java(TM) SE Runtime Environment"/>
    <property name="file.encoding" value="Cp1252"/>
    <property name="java.vm.name" value="Java HotSpot(TM) 64-Bit Server VM"/>
    <property name="localRepository" value="C:\Users\ShireeshaBudida\.m2\repository"/>
    <property name="java.vendor.url.bug" value="https://bugreport.java.com/bugreport/"/>
    <property name="java.io.tmpdir" value="C:\Users\SHIREE~1\AppData\Local\Temp\"/>
    <property name="java.version" value="14.0.2"/>
    <property name="user.dir" value="C:\Users\ShireeshaBudida\Desktop\SDET\JunitReport"/>
    <property name="os.arch" value="amd64"/>
    <property name="java.vm.specification.name" value="Java Virtual Machine Specification"/>
    <property name="sun.os.patch.level" value=""/>
    <property name="java.library.path" value="C:\Program Files\Java\jdk-14.0.2\bin;C:\WINDOWS\Sun\Java\bin;C:\WINDOWS\system32;C:\WINDOWS;C:/Program Files/Java/jdk-11/bin/server;C:/Program Files/Java/jdk-11/bin;C:\Program Files\Java\jdk-11\bin;C:\WINDOWS\system32;C:\WINDOWS;C:\WINDOWS\System32\Wbem;C:\WINDOWS\System32\WindowsPowerShell\v1.0\;C:\WINDOWS\System32\OpenSSH\;C:\Program Files (x86)\PuTTY\;C:\Program Files (x86)\Intel\Intel(R) Management Engine Components\DAL;C:\Program Files\Intel\Intel(R) Management Engine Components\DAL;C:\Users\ShireeshaBudida\AppData\Local\Android\Sdk\platform-tools;C:\Users\ShireeshaBudida\AppData\Local\Android\Sdk\tools;C:\Users\ShireeshaBudida\AppData\Local\Android\Sdk\tools\bin;C:\Program Files\Git\cmd;C:\Users\ShireeshaBudida\AppData\Local\Programs\Python\Python37\Scripts\;C:\Users\ShireeshaBudida\AppData\Local\Programs\Python\Python37\;C:\Users\ShireeshaBudida\AppData\Local\Microsoft\WindowsApps;;C:\Users\ShireeshaBudida\AppData\Local\Programs\Microsoft VS Code\bin;C:\Users\ShireeshaBudida\AppData\Local\Box\Box Edit\;C:\Users\ShireeshaBudida\Desktop\Desktop\eclipse;;."/>
    <property name="java.vm.info" value="mixed mode, sharing"/>
    <property name="java.vendor" value="Oracle Corporation"/>
    <property name="java.vm.version" value="14.0.2+12-46"/>
    <property name="sun.io.unicode.encoding" value="UnicodeLittle"/>
    <property name="java.class.version" value="58.0"/>
  </properties>
  <testcase name="test2" classname="JunitReport.JunitReport.JunitreportTest" time="0.074"/>
  <testcase name="test3" classname="JunitReport.JunitReport.JunitreportTest" time="0.011"/>
  <testcase name="test1" classname="JunitReport.JunitReport.JunitreportTest" time="0.002"/>
  <testcase name="test0" classname="JunitReport.JunitReport.JunitreportTest" time="0.007"/>
  <testcase name="test4" classname="JunitReport.JunitReport.JunitreportTest" time="0.003"/>
</testsuite>